[debug] [2020-12-05T01:22:55.158Z] ----------------------------------------------------------------------
[debug] [2020-12-05T01:22:55.161Z] Command:       /usr/local/Cellar/node/14.4.0/bin/node /usr/local/bin/firebase functions:shell
[debug] [2020-12-05T01:22:55.161Z] CLI Version:   8.17.0
[debug] [2020-12-05T01:22:55.161Z] Platform:      darwin
[debug] [2020-12-05T01:22:55.161Z] Node Version:  v14.4.0
[debug] [2020-12-05T01:22:55.173Z] Time:          Sat Dec 05 2020 10:22:55 GMT+0900 (日本標準時)
[debug] [2020-12-05T01:22:55.174Z] ----------------------------------------------------------------------
[debug] [2020-12-05T01:22:55.174Z] 
[debug] [2020-12-05T01:22:55.188Z] > command requires scopes: ["email","openid","https://www.googleapis.com/auth/cloudplatformprojects.readonly","https://www.googleapis.com/auth/firebase","https://www.googleapis.com/auth/cloud-platform"]
[debug] [2020-12-05T01:22:55.188Z] > authorizing via signed-in user
[debug] [2020-12-05T01:22:55.189Z] [iam] checking project extodo-74f77 for permissions ["firebase.projects.get"]
[debug] [2020-12-05T01:22:55.192Z] > refreshing access token with scopes: ["email","https://www.googleapis.com/auth/cloud-platform","https://www.googleapis.com/auth/cloudplatformprojects.readonly","https://www.googleapis.com/auth/firebase","openid"]
[debug] [2020-12-05T01:22:55.193Z] >>> HTTP REQUEST POST https://www.googleapis.com/oauth2/v3/token  
 <request body omitted>
[debug] [2020-12-05T01:22:55.430Z] <<< HTTP RESPONSE 200 {"date":"Sat, 05 Dec 2020 01:22:55 GMT","expires":"Mon, 01 Jan 1990 00:00:00 GMT","cache-control":"no-cache, no-store, max-age=0, must-revalidate","pragma":"no-cache","content-type":"application/json; charset=utf-8","vary":"X-Origin, Referer, Origin,Accept-Encoding","server":"scaffolding on HTTPServer2","x-xss-protection":"0","x-frame-options":"SAMEORIGIN","x-content-type-options":"nosniff","alt-svc":"h3-29=\":443\"; ma=2592000,h3-T051=\":443\"; ma=2592000,h3-Q050=\":443\"; ma=2592000,h3-Q046=\":443\"; ma=2592000,h3-Q043=\":443\"; ma=2592000,quic=\":443\"; ma=2592000; v=\"46,43\"","accept-ranges":"none","transfer-encoding":"chunked"}
[debug] [2020-12-05T01:22:55.452Z] >>> HTTP REQUEST POST https://cloudresourcemanager.googleapis.com/v1/projects/extodo-74f77:testIamPermissions  
 {"permissions":["firebase.projects.get"]}
[debug] [2020-12-05T01:22:56.310Z] <<< HTTP RESPONSE 200 {"content-type":"application/json; charset=UTF-8","vary":"X-Origin, Referer, Origin,Accept-Encoding","date":"Sat, 05 Dec 2020 01:22:56 GMT","server":"ESF","cache-control":"private","x-xss-protection":"0","x-frame-options":"SAMEORIGIN","x-content-type-options":"nosniff","server-timing":"gfet4t7; dur=608","alt-svc":"h3-29=\":443\"; ma=2592000,h3-T051=\":443\"; ma=2592000,h3-Q050=\":443\"; ma=2592000,h3-Q046=\":443\"; ma=2592000,h3-Q043=\":443\"; ma=2592000,quic=\":443\"; ma=2592000; v=\"46,43\"","accept-ranges":"none","transfer-encoding":"chunked"}
[warn] ⚠  Your requested "node" version "12" doesn't match your global version "14" {"metadata":{"emulator":{"name":"functions"},"message":"Your requested \"node\" version \"12\" doesn't match your global version \"14\""}}
[debug] [2020-12-05T01:22:56.342Z] defaultcredentials: writing to file /Users/arisa/.config/firebase/ex7star_hope_gmail.com_application_default_credentials.json
[debug] [2020-12-05T01:22:56.346Z] DEBUG: Setting GAC to /Users/arisa/.config/firebase/ex7star_hope_gmail.com_application_default_credentials.json
[debug] [2020-12-05T01:22:56.619Z] [functions] Watching "/Users/arisa/ex_teamf/ToDo/functions" for Cloud Functions...
[debug] [2020-12-05T01:22:56.635Z] DEBUG: [worker-pool] addWorker(~diagnostic~)
[debug] [2020-12-05T01:22:56.635Z] DEBUG: [worker-pool] Adding worker with key ~diagnostic~, total=1
[debug] [2020-12-05T01:22:56.635Z] DEBUG: [worker-pool] submitWork(triggerId=)
[debug] [2020-12-05T01:22:56.636Z] DEBUG: [worker-~diagnostic~-4a549d00-bf4d-4287-a566-7e107c98a7c6]: Assigning socketPath: /var/folders/s0/kh4w0lvj0hb_cv4bl8m2zxgc0000gn/T/fire_emu_76275.sock
[debug] [2020-12-05T01:22:56.636Z] DEBUG: [worker-~diagnostic~-4a549d00-bf4d-4287-a566-7e107c98a7c6]: BUSY
[debug] [2020-12-05T01:22:56.834Z] DEBUG: [runtime-status] [76275] Functions runtime initialized. {"cwd":"/Users/arisa/ex_teamf/ToDo/functions","node_version":"14.4.0"}
[debug] [2020-12-05T01:22:56.834Z] DEBUG: [runtime-status] [76275] Disabled runtime features: undefined
[debug] [2020-12-05T01:22:56.841Z] DEBUG: [runtime-status] [76275] Resolved module firebase-admin {"declared":true,"installed":true,"version":"9.4.1","resolution":"/Users/arisa/ex_teamf/ToDo/functions/node_modules/firebase-admin/lib/index.js"}
[debug] [2020-12-05T01:22:56.850Z] DEBUG: [runtime-status] [76275] Resolved module firebase-functions {"declared":true,"installed":true,"version":"3.12.0","resolution":"/Users/arisa/ex_teamf/ToDo/functions/node_modules/firebase-functions/lib/index.js"}
[debug] [2020-12-05T01:22:56.855Z] DEBUG: [runtime-status] [76275] Resolved module firebase-functions {"declared":true,"installed":true,"version":"3.12.0","resolution":"/Users/arisa/ex_teamf/ToDo/functions/node_modules/firebase-functions/lib/index.js"}
[debug] [2020-12-05T01:22:56.856Z] DEBUG: [runtime-status] [76275] Outgoing network have been stubbed. [{"name":"http","status":"mocked"},{"name":"http","status":"mocked"},{"name":"https","status":"mocked"},{"name":"https","status":"mocked"},{"name":"net","status":"mocked"}]
[debug] [2020-12-05T01:22:56.857Z] DEBUG: [runtime-status] [76275] Resolved module firebase-functions {"declared":true,"installed":true,"version":"3.12.0","resolution":"/Users/arisa/ex_teamf/ToDo/functions/node_modules/firebase-functions/lib/index.js"}
[debug] [2020-12-05T01:22:56.997Z] DEBUG: [runtime-status] [76275] Checked functions.config() {"config":{}}
[debug] [2020-12-05T01:22:56.998Z] DEBUG: [runtime-status] [76275] firebase-functions has been stubbed. {"functionsResolution":{"declared":true,"installed":true,"version":"3.12.0","resolution":"/Users/arisa/ex_teamf/ToDo/functions/node_modules/firebase-functions/lib/index.js"}}
[debug] [2020-12-05T01:22:56.999Z] DEBUG: [runtime-status] [76275] Resolved module firebase-functions {"declared":true,"installed":true,"version":"3.12.0","resolution":"/Users/arisa/ex_teamf/ToDo/functions/node_modules/firebase-functions/lib/index.js"}
[debug] [2020-12-05T01:22:57.000Z] DEBUG: [runtime-status] [76275] Resolved module firebase-admin {"declared":true,"installed":true,"version":"9.4.1","resolution":"/Users/arisa/ex_teamf/ToDo/functions/node_modules/firebase-admin/lib/index.js"}
[debug] [2020-12-05T01:22:57.000Z] DEBUG: [runtime-status] [76275] Resolved module firebase-functions {"declared":true,"installed":true,"version":"3.12.0","resolution":"/Users/arisa/ex_teamf/ToDo/functions/node_modules/firebase-functions/lib/index.js"}
[debug] [2020-12-05T01:22:57.001Z] DEBUG: [runtime-status] [76275] firebase-admin has been stubbed. {"adminResolution":{"declared":true,"installed":true,"version":"9.4.1","resolution":"/Users/arisa/ex_teamf/ToDo/functions/node_modules/firebase-admin/lib/index.js"}}
[debug] [2020-12-05T01:22:57.004Z] DEBUG: [runtime-status] [76275] initializeApp(DEFAULT) {"databaseURL":"https://extodo-74f77.firebaseio.com","storageBucket":"extodo-74f77.appspot.com","projectId":"extodo-74f77"}
[warn] ⚠  functions: The Cloud Firestore emulator is not running, so calls to Firestore will affect production. {"metadata":{"emulator":{"name":"functions"},"message":"The Cloud Firestore emulator is not running, so calls to Firestore will affect production."}}
[debug] [2020-12-05T01:22:57.743Z] [functions[linetodo]] http function initialized (http://localhost:5000/extodo-74f77/us-central1/linetodo).
[info] i  functions: Loaded functions: linetodo 
[warn] ⚠  functions: The following emulators are not running, calls to these services will affect production: firestore, database, pubsub 
[debug] [2020-12-05T01:22:57.779Z] DEBUG: [worker-~diagnostic~-4a549d00-bf4d-4287-a566-7e107c98a7c6]: IDLE
[debug] [2020-12-05T01:25:00.028Z] [work-queue] {"queueLength":1,"workRunningCount":0}
[debug] [2020-12-05T01:25:00.029Z] [work-queue] {"queueLength":0,"workRunningCount":1}
[debug] [2020-12-05T01:25:00.029Z] Accepted request GET /extodo-74f77/us-central1/linetodo/linetodo?line_id=%22Uf10b6b53089b0cf6544d28ce05bd3e88%22 --> linetodo
[debug] [2020-12-05T01:25:00.037Z] DEBUG: [worker-pool] addWorker(linetodo)
[debug] [2020-12-05T01:25:00.038Z] DEBUG: [worker-pool] Adding worker with key linetodo, total=1
[debug] [2020-12-05T01:25:00.038Z] DEBUG: [worker-pool] submitWork(triggerId=linetodo)
[debug] [2020-12-05T01:25:00.038Z] DEBUG: [worker-linetodo-22d392ab-ec4a-4914-b3ec-b51348466b36]: Assigning socketPath: /var/folders/s0/kh4w0lvj0hb_cv4bl8m2zxgc0000gn/T/fire_emu_76284.sock
[debug] [2020-12-05T01:25:00.038Z] DEBUG: [worker-linetodo-22d392ab-ec4a-4914-b3ec-b51348466b36]: BUSY
[debug] [2020-12-05T01:25:00.416Z] DEBUG: [runtime-status] [76284] Functions runtime initialized. {"cwd":"/Users/arisa/ex_teamf/ToDo/functions","node_version":"14.4.0"}
[debug] [2020-12-05T01:25:00.418Z] DEBUG: [runtime-status] [76284] Disabled runtime features: undefined
[debug] [2020-12-05T01:25:00.423Z] DEBUG: [runtime-status] [76284] Resolved module firebase-admin {"declared":true,"installed":true,"version":"9.4.1","resolution":"/Users/arisa/ex_teamf/ToDo/functions/node_modules/firebase-admin/lib/index.js"}
[debug] [2020-12-05T01:25:00.427Z] DEBUG: [runtime-status] [76284] Resolved module firebase-functions {"declared":true,"installed":true,"version":"3.12.0","resolution":"/Users/arisa/ex_teamf/ToDo/functions/node_modules/firebase-functions/lib/index.js"}
[debug] [2020-12-05T01:25:00.430Z] DEBUG: [runtime-status] [76284] Resolved module firebase-functions {"declared":true,"installed":true,"version":"3.12.0","resolution":"/Users/arisa/ex_teamf/ToDo/functions/node_modules/firebase-functions/lib/index.js"}
[debug] [2020-12-05T01:25:00.432Z] DEBUG: [runtime-status] [76284] Outgoing network have been stubbed. [{"name":"http","status":"mocked"},{"name":"http","status":"mocked"},{"name":"https","status":"mocked"},{"name":"https","status":"mocked"},{"name":"net","status":"mocked"}]
[debug] [2020-12-05T01:25:00.433Z] DEBUG: [runtime-status] [76284] Resolved module firebase-functions {"declared":true,"installed":true,"version":"3.12.0","resolution":"/Users/arisa/ex_teamf/ToDo/functions/node_modules/firebase-functions/lib/index.js"}
[debug] [2020-12-05T01:25:00.522Z] DEBUG: [runtime-status] [76284] Checked functions.config() {"config":{}}
[debug] [2020-12-05T01:25:00.523Z] DEBUG: [runtime-status] [76284] firebase-functions has been stubbed. {"functionsResolution":{"declared":true,"installed":true,"version":"3.12.0","resolution":"/Users/arisa/ex_teamf/ToDo/functions/node_modules/firebase-functions/lib/index.js"}}
[debug] [2020-12-05T01:25:00.524Z] DEBUG: [runtime-status] [76284] Resolved module firebase-functions {"declared":true,"installed":true,"version":"3.12.0","resolution":"/Users/arisa/ex_teamf/ToDo/functions/node_modules/firebase-functions/lib/index.js"}
[debug] [2020-12-05T01:25:00.525Z] DEBUG: [runtime-status] [76284] Resolved module firebase-admin {"declared":true,"installed":true,"version":"9.4.1","resolution":"/Users/arisa/ex_teamf/ToDo/functions/node_modules/firebase-admin/lib/index.js"}
[debug] [2020-12-05T01:25:00.525Z] DEBUG: [runtime-status] [76284] Resolved module firebase-functions {"declared":true,"installed":true,"version":"3.12.0","resolution":"/Users/arisa/ex_teamf/ToDo/functions/node_modules/firebase-functions/lib/index.js"}
[debug] [2020-12-05T01:25:00.526Z] DEBUG: [runtime-status] [76284] firebase-admin has been stubbed. {"adminResolution":{"declared":true,"installed":true,"version":"9.4.1","resolution":"/Users/arisa/ex_teamf/ToDo/functions/node_modules/firebase-admin/lib/index.js"}}
[debug] [2020-12-05T01:25:00.530Z] DEBUG: [runtime-status] [76284] initializeApp(DEFAULT) {"databaseURL":"https://extodo-74f77.firebaseio.com","storageBucket":"extodo-74f77.appspot.com","projectId":"extodo-74f77"}
[debug] [2020-12-05T01:25:01.102Z] DEBUG: [runtime-status] [76284] Trigger "linetodo" has been found, beginning invocation!
[debug] [2020-12-05T01:25:01.102Z] [functions] Beginning execution of "linetodo"
[debug] [2020-12-05T01:25:01.102Z] DEBUG: [runtime-status] [76284] triggerDefinition {"httpsTrigger":{},"name":"linetodo","entryPoint":"linetodo"}
[debug] [2020-12-05T01:25:01.103Z] DEBUG: [runtime-status] [76284] Running linetodo in mode HTTPS
[debug] [2020-12-05T01:25:01.107Z] DEBUG: [runtime-status] [76284] Attempting to listen to socketPath: /var/folders/s0/kh4w0lvj0hb_cv4bl8m2zxgc0000gn/T/fire_emu_76284.sock
[debug] [2020-12-05T01:25:01.112Z] DEBUG: [functions] Runtime ready! Sending request!
[debug] [2020-12-05T01:25:01.122Z] DEBUG: [runtime-status] [76284] Ephemeral server handling GET request
[debug] [2020-12-05T01:25:01.129Z] DEBUG: [runtime-status] [76284] Ephemeral server survived.
[warn] ⚠  Google API requested!
   - URL: "https://oauth2.googleapis.com/token"
   - Be careful, this may be a production service. {"metadata":{"emulator":{"name":"functions"},"function":{"name":"linetodo"},"message":"Google API requested!\n   - URL: \"https://oauth2.googleapis.com/token\"\n   - Be careful, this may be a production service."}}
[info] >  (node:76284) UnhandledPromiseRejectionWarning: TypeError [ERR_INVALID_ARG_TYPE]: The "chunk" argument must be of type string or an instance of Buffer. Received an instance of TypeError {"user":"(node:76284) UnhandledPromiseRejectionWarning: TypeError [ERR_INVALID_ARG_TYPE]: The \"chunk\" argument must be of type string or an instance of Buffer. Received an instance of TypeError","metadata":{"emulator":{"name":"functions"},"function":{"name":"linetodo"},"message":"\u001b[90m> \u001b[39m (node:76284) UnhandledPromiseRejectionWarning: TypeError [ERR_INVALID_ARG_TYPE]: The \"chunk\" argument must be of type string or an instance of Buffer. Received an instance of TypeError"}}
[info] >      at ServerResponse.end (_http_outgoing.js:759:13) {"user":"    at ServerResponse.end (_http_outgoing.js:759:13)","metadata":{"emulator":{"name":"functions"},"function":{"name":"linetodo"},"message":"\u001b[90m> \u001b[39m     at ServerResponse.end (_http_outgoing.js:759:13)"}}
[info] >      at /Users/arisa/ex_teamf/ToDo/functions/index.js:37:23 {"user":"    at /Users/arisa/ex_teamf/ToDo/functions/index.js:37:23","metadata":{"emulator":{"name":"functions"},"function":{"name":"linetodo"},"message":"\u001b[90m> \u001b[39m     at /Users/arisa/ex_teamf/ToDo/functions/index.js:37:23"}}
[info] >      at processTicksAndRejections (internal/process/task_queues.js:97:5) {"user":"    at processTicksAndRejections (internal/process/task_queues.js:97:5)","metadata":{"emulator":{"name":"functions"},"function":{"name":"linetodo"},"message":"\u001b[90m> \u001b[39m     at processTicksAndRejections (internal/process/task_queues.js:97:5)"}}
[info] >  (Use `node --trace-warnings ...` to show where the warning was created) {"user":"(Use `node --trace-warnings ...` to show where the warning was created)","metadata":{"emulator":{"name":"functions"},"function":{"name":"linetodo"},"message":"\u001b[90m> \u001b[39m (Use `node --trace-warnings ...` to show where the warning was created)"}}
[info] >  (node:76284) UnhandledPromiseRejectionWarning: Unhandled promise rejection. This error originated either by throwing inside of an async function without a catch block, or by rejecting a promise which was not handled with .catch(). To terminate the node process on unhandled promise rejection, use the CLI flag `--unhandled-rejections=strict` (see https://nodejs.org/api/cli.html#cli_unhandled_rejections_mode). (rejection id: 2) {"user":"(node:76284) UnhandledPromiseRejectionWarning: Unhandled promise rejection. This error originated either by throwing inside of an async function without a catch block, or by rejecting a promise which was not handled with .catch(). To terminate the node process on unhandled promise rejection, use the CLI flag `--unhandled-rejections=strict` (see https://nodejs.org/api/cli.html#cli_unhandled_rejections_mode). (rejection id: 2)","metadata":{"emulator":{"name":"functions"},"function":{"name":"linetodo"},"message":"\u001b[90m> \u001b[39m (node:76284) UnhandledPromiseRejectionWarning: Unhandled promise rejection. This error originated either by throwing inside of an async function without a catch block, or by rejecting a promise which was not handled with .catch(). To terminate the node process on unhandled promise rejection, use the CLI flag `--unhandled-rejections=strict` (see https://nodejs.org/api/cli.html#cli_unhandled_rejections_mode). (rejection id: 2)"}}
[info] >  (node:76284) [DEP0018] DeprecationWarning: Unhandled promise rejections are deprecated. In the future, promise rejections that are not handled will terminate the Node.js process with a non-zero exit code. {"user":"(node:76284) [DEP0018] DeprecationWarning: Unhandled promise rejections are deprecated. In the future, promise rejections that are not handled will terminate the Node.js process with a non-zero exit code.","metadata":{"emulator":{"name":"functions"},"function":{"name":"linetodo"},"message":"\u001b[90m> \u001b[39m (node:76284) [DEP0018] DeprecationWarning: Unhandled promise rejections are deprecated. In the future, promise rejections that are not handled will terminate the Node.js process with a non-zero exit code."}}
[debug] [2020-12-05T01:25:20.265Z] [work-queue] {"queueLength":1,"workRunningCount":1}
[debug] [2020-12-05T01:25:20.265Z] [work-queue] {"queueLength":0,"workRunningCount":2}
[debug] [2020-12-05T01:25:20.265Z] Accepted request GET /extodo-74f77/us-central1/linetodo/linetodo?line_id=%22Uf10b6b53089b0cf6544d28ce05bd3e88%22 --> linetodo
[debug] [2020-12-05T01:25:20.276Z] DEBUG: [worker-pool] addWorker(linetodo)
[debug] [2020-12-05T01:25:20.276Z] DEBUG: [worker-pool] Adding worker with key linetodo, total=2
[debug] [2020-12-05T01:25:20.276Z] DEBUG: [worker-pool] submitWork(triggerId=linetodo)
[debug] [2020-12-05T01:25:20.277Z] DEBUG: [worker-linetodo-79ff9ab5-0c41-4e1d-a8b0-65880d71ae90]: Assigning socketPath: /var/folders/s0/kh4w0lvj0hb_cv4bl8m2zxgc0000gn/T/fire_emu_76289.sock
[debug] [2020-12-05T01:25:20.277Z] DEBUG: [worker-linetodo-79ff9ab5-0c41-4e1d-a8b0-65880d71ae90]: BUSY
[debug] [2020-12-05T01:25:20.613Z] DEBUG: [runtime-status] [76289] Functions runtime initialized. {"cwd":"/Users/arisa/ex_teamf/ToDo/functions","node_version":"14.4.0"}
[debug] [2020-12-05T01:25:20.616Z] DEBUG: [runtime-status] [76289] Disabled runtime features: undefined
[debug] [2020-12-05T01:25:20.621Z] DEBUG: [runtime-status] [76289] Resolved module firebase-admin {"declared":true,"installed":true,"version":"9.4.1","resolution":"/Users/arisa/ex_teamf/ToDo/functions/node_modules/firebase-admin/lib/index.js"}
[debug] [2020-12-05T01:25:20.626Z] DEBUG: [runtime-status] [76289] Resolved module firebase-functions {"declared":true,"installed":true,"version":"3.12.0","resolution":"/Users/arisa/ex_teamf/ToDo/functions/node_modules/firebase-functions/lib/index.js"}
[debug] [2020-12-05T01:25:20.630Z] DEBUG: [runtime-status] [76289] Resolved module firebase-functions {"declared":true,"installed":true,"version":"3.12.0","resolution":"/Users/arisa/ex_teamf/ToDo/functions/node_modules/firebase-functions/lib/index.js"}
[debug] [2020-12-05T01:25:20.632Z] DEBUG: [runtime-status] [76289] Outgoing network have been stubbed. [{"name":"http","status":"mocked"},{"name":"http","status":"mocked"},{"name":"https","status":"mocked"},{"name":"https","status":"mocked"},{"name":"net","status":"mocked"}]
[debug] [2020-12-05T01:25:20.632Z] DEBUG: [runtime-status] [76289] Resolved module firebase-functions {"declared":true,"installed":true,"version":"3.12.0","resolution":"/Users/arisa/ex_teamf/ToDo/functions/node_modules/firebase-functions/lib/index.js"}
[debug] [2020-12-05T01:25:20.721Z] DEBUG: [runtime-status] [76289] Checked functions.config() {"config":{}}
[debug] [2020-12-05T01:25:20.722Z] DEBUG: [runtime-status] [76289] firebase-functions has been stubbed. {"functionsResolution":{"declared":true,"installed":true,"version":"3.12.0","resolution":"/Users/arisa/ex_teamf/ToDo/functions/node_modules/firebase-functions/lib/index.js"}}
[debug] [2020-12-05T01:25:20.722Z] DEBUG: [runtime-status] [76289] Resolved module firebase-functions {"declared":true,"installed":true,"version":"3.12.0","resolution":"/Users/arisa/ex_teamf/ToDo/functions/node_modules/firebase-functions/lib/index.js"}
[debug] [2020-12-05T01:25:20.724Z] DEBUG: [runtime-status] [76289] Resolved module firebase-admin {"declared":true,"installed":true,"version":"9.4.1","resolution":"/Users/arisa/ex_teamf/ToDo/functions/node_modules/firebase-admin/lib/index.js"}
[debug] [2020-12-05T01:25:20.724Z] DEBUG: [runtime-status] [76289] Resolved module firebase-functions {"declared":true,"installed":true,"version":"3.12.0","resolution":"/Users/arisa/ex_teamf/ToDo/functions/node_modules/firebase-functions/lib/index.js"}
[debug] [2020-12-05T01:25:20.724Z] DEBUG: [runtime-status] [76289] firebase-admin has been stubbed. {"adminResolution":{"declared":true,"installed":true,"version":"9.4.1","resolution":"/Users/arisa/ex_teamf/ToDo/functions/node_modules/firebase-admin/lib/index.js"}}
[debug] [2020-12-05T01:25:20.728Z] DEBUG: [runtime-status] [76289] initializeApp(DEFAULT) {"databaseURL":"https://extodo-74f77.firebaseio.com","storageBucket":"extodo-74f77.appspot.com","projectId":"extodo-74f77"}
[debug] [2020-12-05T01:25:21.291Z] DEBUG: [runtime-status] [76289] Trigger "linetodo" has been found, beginning invocation!
[debug] [2020-12-05T01:25:21.291Z] [functions] Beginning execution of "linetodo"
[debug] [2020-12-05T01:25:21.291Z] DEBUG: [runtime-status] [76289] triggerDefinition {"httpsTrigger":{},"name":"linetodo","entryPoint":"linetodo"}
[debug] [2020-12-05T01:25:21.292Z] DEBUG: [runtime-status] [76289] Running linetodo in mode HTTPS
[debug] [2020-12-05T01:25:21.296Z] DEBUG: [runtime-status] [76289] Attempting to listen to socketPath: /var/folders/s0/kh4w0lvj0hb_cv4bl8m2zxgc0000gn/T/fire_emu_76289.sock
[debug] [2020-12-05T01:25:21.302Z] DEBUG: [functions] Runtime ready! Sending request!
[debug] [2020-12-05T01:25:21.312Z] DEBUG: [runtime-status] [76289] Ephemeral server handling GET request
[debug] [2020-12-05T01:25:21.318Z] DEBUG: [runtime-status] [76289] Ephemeral server survived.
[warn] ⚠  Google API requested!
   - URL: "https://oauth2.googleapis.com/token"
   - Be careful, this may be a production service. {"metadata":{"emulator":{"name":"functions"},"function":{"name":"linetodo"},"message":"Google API requested!\n   - URL: \"https://oauth2.googleapis.com/token\"\n   - Be careful, this may be a production service."}}
[info] >  (node:76289) UnhandledPromiseRejectionWarning: TypeError [ERR_INVALID_ARG_TYPE]: The "chunk" argument must be of type string or an instance of Buffer. Received an instance of TypeError {"user":"(node:76289) UnhandledPromiseRejectionWarning: TypeError [ERR_INVALID_ARG_TYPE]: The \"chunk\" argument must be of type string or an instance of Buffer. Received an instance of TypeError","metadata":{"emulator":{"name":"functions"},"function":{"name":"linetodo"},"message":"\u001b[90m> \u001b[39m (node:76289) UnhandledPromiseRejectionWarning: TypeError [ERR_INVALID_ARG_TYPE]: The \"chunk\" argument must be of type string or an instance of Buffer. Received an instance of TypeError"}}
[info] >      at ServerResponse.end (_http_outgoing.js:759:13) {"user":"    at ServerResponse.end (_http_outgoing.js:759:13)","metadata":{"emulator":{"name":"functions"},"function":{"name":"linetodo"},"message":"\u001b[90m> \u001b[39m     at ServerResponse.end (_http_outgoing.js:759:13)"}}
[info] >      at /Users/arisa/ex_teamf/ToDo/functions/index.js:37:23 {"user":"    at /Users/arisa/ex_teamf/ToDo/functions/index.js:37:23","metadata":{"emulator":{"name":"functions"},"function":{"name":"linetodo"},"message":"\u001b[90m> \u001b[39m     at /Users/arisa/ex_teamf/ToDo/functions/index.js:37:23"}}
[info] >      at processTicksAndRejections (internal/process/task_queues.js:97:5) {"user":"    at processTicksAndRejections (internal/process/task_queues.js:97:5)","metadata":{"emulator":{"name":"functions"},"function":{"name":"linetodo"},"message":"\u001b[90m> \u001b[39m     at processTicksAndRejections (internal/process/task_queues.js:97:5)"}}
[info] >  (Use `node --trace-warnings ...` to show where the warning was created) {"user":"(Use `node --trace-warnings ...` to show where the warning was created)","metadata":{"emulator":{"name":"functions"},"function":{"name":"linetodo"},"message":"\u001b[90m> \u001b[39m (Use `node --trace-warnings ...` to show where the warning was created)"}}
[info] >  (node:76289) UnhandledPromiseRejectionWarning: Unhandled promise rejection. This error originated either by throwing inside of an async function without a catch block, or by rejecting a promise which was not handled with .catch(). To terminate the node process on unhandled promise rejection, use the CLI flag `--unhandled-rejections=strict` (see https://nodejs.org/api/cli.html#cli_unhandled_rejections_mode). (rejection id: 2) {"user":"(node:76289) UnhandledPromiseRejectionWarning: Unhandled promise rejection. This error originated either by throwing inside of an async function without a catch block, or by rejecting a promise which was not handled with .catch(). To terminate the node process on unhandled promise rejection, use the CLI flag `--unhandled-rejections=strict` (see https://nodejs.org/api/cli.html#cli_unhandled_rejections_mode). (rejection id: 2)","metadata":{"emulator":{"name":"functions"},"function":{"name":"linetodo"},"message":"\u001b[90m> \u001b[39m (node:76289) UnhandledPromiseRejectionWarning: Unhandled promise rejection. This error originated either by throwing inside of an async function without a catch block, or by rejecting a promise which was not handled with .catch(). To terminate the node process on unhandled promise rejection, use the CLI flag `--unhandled-rejections=strict` (see https://nodejs.org/api/cli.html#cli_unhandled_rejections_mode). (rejection id: 2)"}}
[info] >  (node:76289) [DEP0018] DeprecationWarning: Unhandled promise rejections are deprecated. In the future, promise rejections that are not handled will terminate the Node.js process with a non-zero exit code. {"user":"(node:76289) [DEP0018] DeprecationWarning: Unhandled promise rejections are deprecated. In the future, promise rejections that are not handled will terminate the Node.js process with a non-zero exit code.","metadata":{"emulator":{"name":"functions"},"function":{"name":"linetodo"},"message":"\u001b[90m> \u001b[39m (node:76289) [DEP0018] DeprecationWarning: Unhandled promise rejections are deprecated. In the future, promise rejections that are not handled will terminate the Node.js process with a non-zero exit code."}}
[warn] ⚠  functions: Your function timed out after ~60s. To configure this timeout, see
      https://firebase.google.com/docs/functions/manage-functions#set_timeout_and_memory_allocation. {"metadata":{"emulator":{"name":"functions"},"function":{"name":"linetodo"},"message":"Your function timed out after ~60s. To configure this timeout, see\n      https://firebase.google.com/docs/functions/manage-functions#set_timeout_and_memory_allocation."}}
[info] >  /usr/local/lib/node_modules/firebase-tools/lib/emulator/functionsEmulatorRuntime.js:668 {"user":"/usr/local/lib/node_modules/firebase-tools/lib/emulator/functionsEmulatorRuntime.js:668","metadata":{"emulator":{"name":"functions"},"function":{"name":"linetodo"},"message":"\u001b[90m> \u001b[39m /usr/local/lib/node_modules/firebase-tools/lib/emulator/functionsEmulatorRuntime.js:668"}}
[info] >                  throw new Error("Function timed out."); {"user":"                throw new Error(\"Function timed out.\");","metadata":{"emulator":{"name":"functions"},"function":{"name":"linetodo"},"message":"\u001b[90m> \u001b[39m                 throw new Error(\"Function timed out.\");"}}
[info] >                  ^ {"user":"                ^","metadata":{"emulator":{"name":"functions"},"function":{"name":"linetodo"},"message":"\u001b[90m> \u001b[39m                 ^"}}
[info] >   {"user":"","metadata":{"emulator":{"name":"functions"},"function":{"name":"linetodo"},"message":"\u001b[90m> \u001b[39m "}}
[info] >  Error: Function timed out. {"user":"Error: Function timed out.","metadata":{"emulator":{"name":"functions"},"function":{"name":"linetodo"},"message":"\u001b[90m> \u001b[39m Error: Function timed out."}}
[info] >      at Timeout._onTimeout (/usr/local/lib/node_modules/firebase-tools/lib/emulator/functionsEmulatorRuntime.js:668:23) {"user":"    at Timeout._onTimeout (/usr/local/lib/node_modules/firebase-tools/lib/emulator/functionsEmulatorRuntime.js:668:23)","metadata":{"emulator":{"name":"functions"},"function":{"name":"linetodo"},"message":"\u001b[90m> \u001b[39m     at Timeout._onTimeout (/usr/local/lib/node_modules/firebase-tools/lib/emulator/functionsEmulatorRuntime.js:668:23)"}}
[info] >      at listOnTimeout (internal/timers.js:549:17) {"user":"    at listOnTimeout (internal/timers.js:549:17)","metadata":{"emulator":{"name":"functions"},"function":{"name":"linetodo"},"message":"\u001b[90m> \u001b[39m     at listOnTimeout (internal/timers.js:549:17)"}}
[info] >      at processTimers (internal/timers.js:492:7) {"user":"    at processTimers (internal/timers.js:492:7)","metadata":{"emulator":{"name":"functions"},"function":{"name":"linetodo"},"message":"\u001b[90m> \u001b[39m     at processTimers (internal/timers.js:492:7)"}}
[debug] [2020-12-05T01:26:01.131Z] DEBUG: [worker-linetodo-22d392ab-ec4a-4914-b3ec-b51348466b36]: exited
[debug] [2020-12-05T01:26:01.131Z] DEBUG: [worker-linetodo-22d392ab-ec4a-4914-b3ec-b51348466b36]: FINISHED
[debug] [2020-12-05T01:26:01.132Z] [work-queue] {"queueLength":0,"workRunningCount":1}
[warn] ⚠  functions: Your function timed out after ~60s. To configure this timeout, see
      https://firebase.google.com/docs/functions/manage-functions#set_timeout_and_memory_allocation. {"metadata":{"emulator":{"name":"functions"},"function":{"name":"linetodo"},"message":"Your function timed out after ~60s. To configure this timeout, see\n      https://firebase.google.com/docs/functions/manage-functions#set_timeout_and_memory_allocation."}}
[info] >  /usr/local/lib/node_modules/firebase-tools/lib/emulator/functionsEmulatorRuntime.js:668 {"user":"/usr/local/lib/node_modules/firebase-tools/lib/emulator/functionsEmulatorRuntime.js:668","metadata":{"emulator":{"name":"functions"},"function":{"name":"linetodo"},"message":"\u001b[90m> \u001b[39m /usr/local/lib/node_modules/firebase-tools/lib/emulator/functionsEmulatorRuntime.js:668"}}
[info] >                  throw new Error("Function timed out."); {"user":"                throw new Error(\"Function timed out.\");","metadata":{"emulator":{"name":"functions"},"function":{"name":"linetodo"},"message":"\u001b[90m> \u001b[39m                 throw new Error(\"Function timed out.\");"}}
[info] >                  ^ {"user":"                ^","metadata":{"emulator":{"name":"functions"},"function":{"name":"linetodo"},"message":"\u001b[90m> \u001b[39m                 ^"}}
[info] >   {"user":"","metadata":{"emulator":{"name":"functions"},"function":{"name":"linetodo"},"message":"\u001b[90m> \u001b[39m "}}
[info] >  Error: Function timed out. {"user":"Error: Function timed out.","metadata":{"emulator":{"name":"functions"},"function":{"name":"linetodo"},"message":"\u001b[90m> \u001b[39m Error: Function timed out."}}
[info] >      at Timeout._onTimeout (/usr/local/lib/node_modules/firebase-tools/lib/emulator/functionsEmulatorRuntime.js:668:23) {"user":"    at Timeout._onTimeout (/usr/local/lib/node_modules/firebase-tools/lib/emulator/functionsEmulatorRuntime.js:668:23)","metadata":{"emulator":{"name":"functions"},"function":{"name":"linetodo"},"message":"\u001b[90m> \u001b[39m     at Timeout._onTimeout (/usr/local/lib/node_modules/firebase-tools/lib/emulator/functionsEmulatorRuntime.js:668:23)"}}
[info] >      at listOnTimeout (internal/timers.js:549:17) {"user":"    at listOnTimeout (internal/timers.js:549:17)","metadata":{"emulator":{"name":"functions"},"function":{"name":"linetodo"},"message":"\u001b[90m> \u001b[39m     at listOnTimeout (internal/timers.js:549:17)"}}
[info] >      at processTimers (internal/timers.js:492:7) {"user":"    at processTimers (internal/timers.js:492:7)","metadata":{"emulator":{"name":"functions"},"function":{"name":"linetodo"},"message":"\u001b[90m> \u001b[39m     at processTimers (internal/timers.js:492:7)"}}
[debug] [2020-12-05T01:26:21.332Z] DEBUG: [worker-linetodo-79ff9ab5-0c41-4e1d-a8b0-65880d71ae90]: exited
[debug] [2020-12-05T01:26:21.333Z] DEBUG: [worker-linetodo-79ff9ab5-0c41-4e1d-a8b0-65880d71ae90]: FINISHED
[debug] [2020-12-05T01:26:21.334Z] [work-queue] {"queueLength":0,"workRunningCount":0}
[debug] [2020-12-05T01:27:45.989Z] DEBUG: File /Users/arisa/ex_teamf/ToDo/functions/index.js changed, reloading triggers
[debug] [2020-12-05T01:27:46.996Z] DEBUG: [worker-pool] Shutting down IDLE worker (~diagnostic~)
[debug] [2020-12-05T01:27:46.996Z] DEBUG: [worker-~diagnostic~-4a549d00-bf4d-4287-a566-7e107c98a7c6]: FINISHING
[debug] [2020-12-05T01:27:46.997Z] DEBUG: [worker-pool] Cleaned up workers for linetodo: 2 --> 0
[debug] [2020-12-05T01:27:47.022Z] DEBUG: [worker-pool] addWorker(~diagnostic~)
[debug] [2020-12-05T01:27:47.022Z] DEBUG: [worker-pool] Adding worker with key ~diagnostic~, total=2
[debug] [2020-12-05T01:27:47.022Z] DEBUG: [worker-pool] submitWork(triggerId=)
[debug] [2020-12-05T01:27:47.023Z] DEBUG: [worker-~diagnostic~-b98127a0-f3ce-4ef2-a424-15c8f4ab0209]: Assigning socketPath: /var/folders/s0/kh4w0lvj0hb_cv4bl8m2zxgc0000gn/T/fire_emu_76310.sock
[debug] [2020-12-05T01:27:47.023Z] DEBUG: [worker-~diagnostic~-b98127a0-f3ce-4ef2-a424-15c8f4ab0209]: BUSY
[debug] [2020-12-05T01:27:47.025Z] DEBUG: [worker-~diagnostic~-4a549d00-bf4d-4287-a566-7e107c98a7c6]: exited
[debug] [2020-12-05T01:27:47.026Z] DEBUG: [worker-~diagnostic~-4a549d00-bf4d-4287-a566-7e107c98a7c6]: FINISHED
[debug] [2020-12-05T01:27:47.533Z] DEBUG: [runtime-status] [76310] Functions runtime initialized. {"cwd":"/Users/arisa/ex_teamf/ToDo/functions","node_version":"14.4.0"}
[debug] [2020-12-05T01:27:47.537Z] DEBUG: [runtime-status] [76310] Disabled runtime features: undefined
[debug] [2020-12-05T01:27:47.542Z] DEBUG: [runtime-status] [76310] Resolved module firebase-admin {"declared":true,"installed":true,"version":"9.4.1","resolution":"/Users/arisa/ex_teamf/ToDo/functions/node_modules/firebase-admin/lib/index.js"}
[debug] [2020-12-05T01:27:47.545Z] DEBUG: [runtime-status] [76310] Resolved module firebase-functions {"declared":true,"installed":true,"version":"3.12.0","resolution":"/Users/arisa/ex_teamf/ToDo/functions/node_modules/firebase-functions/lib/index.js"}
[debug] [2020-12-05T01:27:47.548Z] DEBUG: [runtime-status] [76310] Resolved module firebase-functions {"declared":true,"installed":true,"version":"3.12.0","resolution":"/Users/arisa/ex_teamf/ToDo/functions/node_modules/firebase-functions/lib/index.js"}
[debug] [2020-12-05T01:27:47.552Z] DEBUG: [runtime-status] [76310] Outgoing network have been stubbed. [{"name":"http","status":"mocked"},{"name":"http","status":"mocked"},{"name":"https","status":"mocked"},{"name":"https","status":"mocked"},{"name":"net","status":"mocked"}]
[debug] [2020-12-05T01:27:47.554Z] DEBUG: [runtime-status] [76310] Resolved module firebase-functions {"declared":true,"installed":true,"version":"3.12.0","resolution":"/Users/arisa/ex_teamf/ToDo/functions/node_modules/firebase-functions/lib/index.js"}
[debug] [2020-12-05T01:27:47.662Z] DEBUG: [runtime-status] [76310] Checked functions.config() {"config":{}}
[debug] [2020-12-05T01:27:47.669Z] DEBUG: [runtime-status] [76310] firebase-functions has been stubbed. {"functionsResolution":{"declared":true,"installed":true,"version":"3.12.0","resolution":"/Users/arisa/ex_teamf/ToDo/functions/node_modules/firebase-functions/lib/index.js"}}
[debug] [2020-12-05T01:27:47.669Z] DEBUG: [runtime-status] [76310] Resolved module firebase-functions {"declared":true,"installed":true,"version":"3.12.0","resolution":"/Users/arisa/ex_teamf/ToDo/functions/node_modules/firebase-functions/lib/index.js"}
[debug] [2020-12-05T01:27:47.669Z] DEBUG: [runtime-status] [76310] Resolved module firebase-admin {"declared":true,"installed":true,"version":"9.4.1","resolution":"/Users/arisa/ex_teamf/ToDo/functions/node_modules/firebase-admin/lib/index.js"}
[debug] [2020-12-05T01:27:47.670Z] DEBUG: [runtime-status] [76310] Resolved module firebase-functions {"declared":true,"installed":true,"version":"3.12.0","resolution":"/Users/arisa/ex_teamf/ToDo/functions/node_modules/firebase-functions/lib/index.js"}
[debug] [2020-12-05T01:27:47.670Z] DEBUG: [runtime-status] [76310] firebase-admin has been stubbed. {"adminResolution":{"declared":true,"installed":true,"version":"9.4.1","resolution":"/Users/arisa/ex_teamf/ToDo/functions/node_modules/firebase-admin/lib/index.js"}}
[debug] [2020-12-05T01:27:47.671Z] DEBUG: [runtime-status] [76310] initializeApp(DEFAULT) {"databaseURL":"https://extodo-74f77.firebaseio.com","storageBucket":"extodo-74f77.appspot.com","projectId":"extodo-74f77"}
[debug] [2020-12-05T01:27:48.253Z] DEBUG: [worker-~diagnostic~-b98127a0-f3ce-4ef2-a424-15c8f4ab0209]: IDLE
[debug] [2020-12-05T01:27:52.622Z] [work-queue] {"queueLength":1,"workRunningCount":0}
[debug] [2020-12-05T01:27:52.622Z] [work-queue] {"queueLength":0,"workRunningCount":1}
[debug] [2020-12-05T01:27:52.622Z] Accepted request GET /extodo-74f77/us-central1/linetodo/linetodo?line_id=%22Uf10b6b53089b0cf6544d28ce05bd3e88%22 --> linetodo
[debug] [2020-12-05T01:27:52.623Z] DEBUG: [worker-pool] Cleaned up workers for ~diagnostic~: 2 --> 1
[debug] [2020-12-05T01:27:52.630Z] DEBUG: [worker-pool] addWorker(linetodo)
[debug] [2020-12-05T01:27:52.631Z] DEBUG: [worker-pool] Adding worker with key linetodo, total=1
[debug] [2020-12-05T01:27:52.631Z] DEBUG: [worker-pool] submitWork(triggerId=linetodo)
[debug] [2020-12-05T01:27:52.631Z] DEBUG: [worker-linetodo-48512da1-8e5b-4e26-ba1d-9a61e9953611]: Assigning socketPath: /var/folders/s0/kh4w0lvj0hb_cv4bl8m2zxgc0000gn/T/fire_emu_76312.sock
[debug] [2020-12-05T01:27:52.631Z] DEBUG: [worker-linetodo-48512da1-8e5b-4e26-ba1d-9a61e9953611]: BUSY
[debug] [2020-12-05T01:27:52.944Z] DEBUG: [runtime-status] [76312] Functions runtime initialized. {"cwd":"/Users/arisa/ex_teamf/ToDo/functions","node_version":"14.4.0"}
[debug] [2020-12-05T01:27:52.946Z] DEBUG: [runtime-status] [76312] Disabled runtime features: undefined
[debug] [2020-12-05T01:27:52.950Z] DEBUG: [runtime-status] [76312] Resolved module firebase-admin {"declared":true,"installed":true,"version":"9.4.1","resolution":"/Users/arisa/ex_teamf/ToDo/functions/node_modules/firebase-admin/lib/index.js"}
[debug] [2020-12-05T01:27:52.953Z] DEBUG: [runtime-status] [76312] Resolved module firebase-functions {"declared":true,"installed":true,"version":"3.12.0","resolution":"/Users/arisa/ex_teamf/ToDo/functions/node_modules/firebase-functions/lib/index.js"}
[debug] [2020-12-05T01:27:52.955Z] DEBUG: [runtime-status] [76312] Resolved module firebase-functions {"declared":true,"installed":true,"version":"3.12.0","resolution":"/Users/arisa/ex_teamf/ToDo/functions/node_modules/firebase-functions/lib/index.js"}
[debug] [2020-12-05T01:27:52.961Z] DEBUG: [runtime-status] [76312] Outgoing network have been stubbed. [{"name":"http","status":"mocked"},{"name":"http","status":"mocked"},{"name":"https","status":"mocked"},{"name":"https","status":"mocked"},{"name":"net","status":"mocked"}]
[debug] [2020-12-05T01:27:52.962Z] DEBUG: [runtime-status] [76312] Resolved module firebase-functions {"declared":true,"installed":true,"version":"3.12.0","resolution":"/Users/arisa/ex_teamf/ToDo/functions/node_modules/firebase-functions/lib/index.js"}
[debug] [2020-12-05T01:27:52.997Z] DEBUG: [runtime-status] [76312] Checked functions.config() {"config":{}}
[debug] [2020-12-05T01:27:52.997Z] DEBUG: [runtime-status] [76312] firebase-functions has been stubbed. {"functionsResolution":{"declared":true,"installed":true,"version":"3.12.0","resolution":"/Users/arisa/ex_teamf/ToDo/functions/node_modules/firebase-functions/lib/index.js"}}
[debug] [2020-12-05T01:27:52.997Z] DEBUG: [runtime-status] [76312] Resolved module firebase-functions {"declared":true,"installed":true,"version":"3.12.0","resolution":"/Users/arisa/ex_teamf/ToDo/functions/node_modules/firebase-functions/lib/index.js"}
[debug] [2020-12-05T01:27:52.998Z] DEBUG: [runtime-status] [76312] Resolved module firebase-admin {"declared":true,"installed":true,"version":"9.4.1","resolution":"/Users/arisa/ex_teamf/ToDo/functions/node_modules/firebase-admin/lib/index.js"}
[debug] [2020-12-05T01:27:52.999Z] DEBUG: [runtime-status] [76312] Resolved module firebase-functions {"declared":true,"installed":true,"version":"3.12.0","resolution":"/Users/arisa/ex_teamf/ToDo/functions/node_modules/firebase-functions/lib/index.js"}
[debug] [2020-12-05T01:27:52.999Z] DEBUG: [runtime-status] [76312] firebase-admin has been stubbed. {"adminResolution":{"declared":true,"installed":true,"version":"9.4.1","resolution":"/Users/arisa/ex_teamf/ToDo/functions/node_modules/firebase-admin/lib/index.js"}}
[debug] [2020-12-05T01:27:53.000Z] DEBUG: [runtime-status] [76312] initializeApp(DEFAULT) {"databaseURL":"https://extodo-74f77.firebaseio.com","storageBucket":"extodo-74f77.appspot.com","projectId":"extodo-74f77"}
[debug] [2020-12-05T01:27:53.370Z] DEBUG: [runtime-status] [76312] Trigger "linetodo" has been found, beginning invocation!
[debug] [2020-12-05T01:27:53.371Z] [functions] Beginning execution of "linetodo"
[debug] [2020-12-05T01:27:53.371Z] DEBUG: [runtime-status] [76312] triggerDefinition {"httpsTrigger":{},"name":"linetodo","entryPoint":"linetodo"}
[debug] [2020-12-05T01:27:53.371Z] DEBUG: [runtime-status] [76312] Running linetodo in mode HTTPS
[debug] [2020-12-05T01:27:53.375Z] DEBUG: [runtime-status] [76312] Attempting to listen to socketPath: /var/folders/s0/kh4w0lvj0hb_cv4bl8m2zxgc0000gn/T/fire_emu_76312.sock
[debug] [2020-12-05T01:27:53.385Z] DEBUG: [functions] Runtime ready! Sending request!
[debug] [2020-12-05T01:27:53.394Z] DEBUG: [runtime-status] [76312] Ephemeral server handling GET request
[debug] [2020-12-05T01:27:53.398Z] DEBUG: [runtime-status] [76312] Ephemeral server survived.
[warn] ⚠  Google API requested!
   - URL: "https://oauth2.googleapis.com/token"
   - Be careful, this may be a production service. {"metadata":{"emulator":{"name":"functions"},"function":{"name":"linetodo"},"message":"Google API requested!\n   - URL: \"https://oauth2.googleapis.com/token\"\n   - Be careful, this may be a production service."}}
[info] >  (node:76312) UnhandledPromiseRejectionWarning: TypeError [ERR_INVALID_ARG_TYPE]: The "chunk" argument must be of type string or an instance of Buffer. Received an instance of TypeError {"user":"(node:76312) UnhandledPromiseRejectionWarning: TypeError [ERR_INVALID_ARG_TYPE]: The \"chunk\" argument must be of type string or an instance of Buffer. Received an instance of TypeError","metadata":{"emulator":{"name":"functions"},"function":{"name":"linetodo"},"message":"\u001b[90m> \u001b[39m (node:76312) UnhandledPromiseRejectionWarning: TypeError [ERR_INVALID_ARG_TYPE]: The \"chunk\" argument must be of type string or an instance of Buffer. Received an instance of TypeError"}}
[info] >      at ServerResponse.end (_http_outgoing.js:759:13) {"user":"    at ServerResponse.end (_http_outgoing.js:759:13)","metadata":{"emulator":{"name":"functions"},"function":{"name":"linetodo"},"message":"\u001b[90m> \u001b[39m     at ServerResponse.end (_http_outgoing.js:759:13)"}}
[info] >      at /Users/arisa/ex_teamf/ToDo/functions/index.js:38:23 {"user":"    at /Users/arisa/ex_teamf/ToDo/functions/index.js:38:23","metadata":{"emulator":{"name":"functions"},"function":{"name":"linetodo"},"message":"\u001b[90m> \u001b[39m     at /Users/arisa/ex_teamf/ToDo/functions/index.js:38:23"}}
[info] >      at processTicksAndRejections (internal/process/task_queues.js:97:5) {"user":"    at processTicksAndRejections (internal/process/task_queues.js:97:5)","metadata":{"emulator":{"name":"functions"},"function":{"name":"linetodo"},"message":"\u001b[90m> \u001b[39m     at processTicksAndRejections (internal/process/task_queues.js:97:5)"}}
[info] >  (Use `node --trace-warnings ...` to show where the warning was created) {"user":"(Use `node --trace-warnings ...` to show where the warning was created)","metadata":{"emulator":{"name":"functions"},"function":{"name":"linetodo"},"message":"\u001b[90m> \u001b[39m (Use `node --trace-warnings ...` to show where the warning was created)"}}
[info] >  (node:76312) UnhandledPromiseRejectionWarning: Unhandled promise rejection. This error originated either by throwing inside of an async function without a catch block, or by rejecting a promise which was not handled with .catch(). To terminate the node process on unhandled promise rejection, use the CLI flag `--unhandled-rejections=strict` (see https://nodejs.org/api/cli.html#cli_unhandled_rejections_mode). (rejection id: 2) {"user":"(node:76312) UnhandledPromiseRejectionWarning: Unhandled promise rejection. This error originated either by throwing inside of an async function without a catch block, or by rejecting a promise which was not handled with .catch(). To terminate the node process on unhandled promise rejection, use the CLI flag `--unhandled-rejections=strict` (see https://nodejs.org/api/cli.html#cli_unhandled_rejections_mode). (rejection id: 2)","metadata":{"emulator":{"name":"functions"},"function":{"name":"linetodo"},"message":"\u001b[90m> \u001b[39m (node:76312) UnhandledPromiseRejectionWarning: Unhandled promise rejection. This error originated either by throwing inside of an async function without a catch block, or by rejecting a promise which was not handled with .catch(). To terminate the node process on unhandled promise rejection, use the CLI flag `--unhandled-rejections=strict` (see https://nodejs.org/api/cli.html#cli_unhandled_rejections_mode). (rejection id: 2)"}}
[info] >  (node:76312) [DEP0018] DeprecationWarning: Unhandled promise rejections are deprecated. In the future, promise rejections that are not handled will terminate the Node.js process with a non-zero exit code. {"user":"(node:76312) [DEP0018] DeprecationWarning: Unhandled promise rejections are deprecated. In the future, promise rejections that are not handled will terminate the Node.js process with a non-zero exit code.","metadata":{"emulator":{"name":"functions"},"function":{"name":"linetodo"},"message":"\u001b[90m> \u001b[39m (node:76312) [DEP0018] DeprecationWarning: Unhandled promise rejections are deprecated. In the future, promise rejections that are not handled will terminate the Node.js process with a non-zero exit code."}}
[debug] [2020-12-05T01:28:40.123Z] DEBUG: File /Users/arisa/ex_teamf/ToDo/functions/index.js changed, reloading triggers
[debug] [2020-12-05T01:28:41.128Z] DEBUG: [worker-pool] Shutting down IDLE worker (~diagnostic~)
[debug] [2020-12-05T01:28:41.128Z] DEBUG: [worker-~diagnostic~-b98127a0-f3ce-4ef2-a424-15c8f4ab0209]: FINISHING
[debug] [2020-12-05T01:28:41.129Z] DEBUG: [worker-pool] Marking BUSY worker to finish (linetodo)
[debug] [2020-12-05T01:28:41.129Z] DEBUG: [worker-linetodo-48512da1-8e5b-4e26-ba1d-9a61e9953611]: FINISHING
[debug] [2020-12-05T01:28:41.140Z] DEBUG: [worker-pool] addWorker(~diagnostic~)
[debug] [2020-12-05T01:28:41.141Z] DEBUG: [worker-pool] Adding worker with key ~diagnostic~, total=2
[debug] [2020-12-05T01:28:41.141Z] DEBUG: [worker-pool] submitWork(triggerId=)
[debug] [2020-12-05T01:28:41.141Z] DEBUG: [worker-~diagnostic~-4737cca3-3ffe-4b63-bbe6-0458a13f2aa9]: Assigning socketPath: /var/folders/s0/kh4w0lvj0hb_cv4bl8m2zxgc0000gn/T/fire_emu_76317.sock
[debug] [2020-12-05T01:28:41.142Z] DEBUG: [worker-~diagnostic~-4737cca3-3ffe-4b63-bbe6-0458a13f2aa9]: BUSY
[debug] [2020-12-05T01:28:41.143Z] DEBUG: [worker-~diagnostic~-b98127a0-f3ce-4ef2-a424-15c8f4ab0209]: exited
[debug] [2020-12-05T01:28:41.143Z] DEBUG: [worker-~diagnostic~-b98127a0-f3ce-4ef2-a424-15c8f4ab0209]: FINISHED
[debug] [2020-12-05T01:28:41.601Z] DEBUG: [runtime-status] [76317] Functions runtime initialized. {"cwd":"/Users/arisa/ex_teamf/ToDo/functions","node_version":"14.4.0"}
[debug] [2020-12-05T01:28:41.611Z] DEBUG: [runtime-status] [76317] Disabled runtime features: undefined
[debug] [2020-12-05T01:28:41.658Z] DEBUG: [runtime-status] [76317] Resolved module firebase-admin {"declared":true,"installed":true,"version":"9.4.1","resolution":"/Users/arisa/ex_teamf/ToDo/functions/node_modules/firebase-admin/lib/index.js"}
[debug] [2020-12-05T01:28:41.670Z] DEBUG: [runtime-status] [76317] Resolved module firebase-functions {"declared":true,"installed":true,"version":"3.12.0","resolution":"/Users/arisa/ex_teamf/ToDo/functions/node_modules/firebase-functions/lib/index.js"}
[debug] [2020-12-05T01:28:41.673Z] DEBUG: [runtime-status] [76317] Resolved module firebase-functions {"declared":true,"installed":true,"version":"3.12.0","resolution":"/Users/arisa/ex_teamf/ToDo/functions/node_modules/firebase-functions/lib/index.js"}
[debug] [2020-12-05T01:28:41.676Z] DEBUG: [runtime-status] [76317] Outgoing network have been stubbed. [{"name":"http","status":"mocked"},{"name":"http","status":"mocked"},{"name":"https","status":"mocked"},{"name":"https","status":"mocked"},{"name":"net","status":"mocked"}]
[debug] [2020-12-05T01:28:41.677Z] DEBUG: [runtime-status] [76317] Resolved module firebase-functions {"declared":true,"installed":true,"version":"3.12.0","resolution":"/Users/arisa/ex_teamf/ToDo/functions/node_modules/firebase-functions/lib/index.js"}
[debug] [2020-12-05T01:28:41.819Z] DEBUG: [runtime-status] [76317] Checked functions.config() {"config":{}}
[debug] [2020-12-05T01:28:41.820Z] DEBUG: [runtime-status] [76317] firebase-functions has been stubbed. {"functionsResolution":{"declared":true,"installed":true,"version":"3.12.0","resolution":"/Users/arisa/ex_teamf/ToDo/functions/node_modules/firebase-functions/lib/index.js"}}
[debug] [2020-12-05T01:28:41.821Z] DEBUG: [runtime-status] [76317] Resolved module firebase-functions {"declared":true,"installed":true,"version":"3.12.0","resolution":"/Users/arisa/ex_teamf/ToDo/functions/node_modules/firebase-functions/lib/index.js"}
[debug] [2020-12-05T01:28:41.822Z] DEBUG: [runtime-status] [76317] Resolved module firebase-admin {"declared":true,"installed":true,"version":"9.4.1","resolution":"/Users/arisa/ex_teamf/ToDo/functions/node_modules/firebase-admin/lib/index.js"}
[debug] [2020-12-05T01:28:41.822Z] DEBUG: [runtime-status] [76317] Resolved module firebase-functions {"declared":true,"installed":true,"version":"3.12.0","resolution":"/Users/arisa/ex_teamf/ToDo/functions/node_modules/firebase-functions/lib/index.js"}
[debug] [2020-12-05T01:28:41.822Z] DEBUG: [runtime-status] [76317] firebase-admin has been stubbed. {"adminResolution":{"declared":true,"installed":true,"version":"9.4.1","resolution":"/Users/arisa/ex_teamf/ToDo/functions/node_modules/firebase-admin/lib/index.js"}}
[debug] [2020-12-05T01:28:41.826Z] DEBUG: [runtime-status] [76317] initializeApp(DEFAULT) {"databaseURL":"https://extodo-74f77.firebaseio.com","storageBucket":"extodo-74f77.appspot.com","projectId":"extodo-74f77"}
[debug] [2020-12-05T01:28:42.422Z] DEBUG: [worker-~diagnostic~-4737cca3-3ffe-4b63-bbe6-0458a13f2aa9]: IDLE
[warn] ⚠  functions: Your function timed out after ~60s. To configure this timeout, see
      https://firebase.google.com/docs/functions/manage-functions#set_timeout_and_memory_allocation. {"metadata":{"emulator":{"name":"functions"},"function":{"name":"linetodo"},"message":"Your function timed out after ~60s. To configure this timeout, see\n      https://firebase.google.com/docs/functions/manage-functions#set_timeout_and_memory_allocation."}}
[info] >  /usr/local/lib/node_modules/firebase-tools/lib/emulator/functionsEmulatorRuntime.js:668 {"user":"/usr/local/lib/node_modules/firebase-tools/lib/emulator/functionsEmulatorRuntime.js:668","metadata":{"emulator":{"name":"functions"},"function":{"name":"linetodo"},"message":"\u001b[90m> \u001b[39m /usr/local/lib/node_modules/firebase-tools/lib/emulator/functionsEmulatorRuntime.js:668"}}
[info] >                  throw new Error("Function timed out."); {"user":"                throw new Error(\"Function timed out.\");","metadata":{"emulator":{"name":"functions"},"function":{"name":"linetodo"},"message":"\u001b[90m> \u001b[39m                 throw new Error(\"Function timed out.\");"}}
[info] >                  ^ {"user":"                ^","metadata":{"emulator":{"name":"functions"},"function":{"name":"linetodo"},"message":"\u001b[90m> \u001b[39m                 ^"}}
[info] >   {"user":"","metadata":{"emulator":{"name":"functions"},"function":{"name":"linetodo"},"message":"\u001b[90m> \u001b[39m "}}
[info] >  Error: Function timed out. {"user":"Error: Function timed out.","metadata":{"emulator":{"name":"functions"},"function":{"name":"linetodo"},"message":"\u001b[90m> \u001b[39m Error: Function timed out."}}
[info] >      at Timeout._onTimeout (/usr/local/lib/node_modules/firebase-tools/lib/emulator/functionsEmulatorRuntime.js:668:23) {"user":"    at Timeout._onTimeout (/usr/local/lib/node_modules/firebase-tools/lib/emulator/functionsEmulatorRuntime.js:668:23)","metadata":{"emulator":{"name":"functions"},"function":{"name":"linetodo"},"message":"\u001b[90m> \u001b[39m     at Timeout._onTimeout (/usr/local/lib/node_modules/firebase-tools/lib/emulator/functionsEmulatorRuntime.js:668:23)"}}
[info] >      at listOnTimeout (internal/timers.js:549:17) {"user":"    at listOnTimeout (internal/timers.js:549:17)","metadata":{"emulator":{"name":"functions"},"function":{"name":"linetodo"},"message":"\u001b[90m> \u001b[39m     at listOnTimeout (internal/timers.js:549:17)"}}
[info] >      at processTimers (internal/timers.js:492:7) {"user":"    at processTimers (internal/timers.js:492:7)","metadata":{"emulator":{"name":"functions"},"function":{"name":"linetodo"},"message":"\u001b[90m> \u001b[39m     at processTimers (internal/timers.js:492:7)"}}
[debug] [2020-12-05T01:28:53.397Z] DEBUG: [worker-linetodo-48512da1-8e5b-4e26-ba1d-9a61e9953611]: exited
[debug] [2020-12-05T01:28:53.397Z] DEBUG: [worker-linetodo-48512da1-8e5b-4e26-ba1d-9a61e9953611]: FINISHED
[debug] [2020-12-05T01:28:53.397Z] [work-queue] {"queueLength":0,"workRunningCount":0}
[debug] [2020-12-05T01:29:06.848Z] [work-queue] {"queueLength":1,"workRunningCount":0}
[debug] [2020-12-05T01:29:06.848Z] [work-queue] {"queueLength":0,"workRunningCount":1}
[debug] [2020-12-05T01:29:06.849Z] Accepted request GET /extodo-74f77/us-central1/linetodo/linetodo?line_id=%22Uf10b6b53089b0cf6544d28ce05bd3e88%22 --> linetodo
[debug] [2020-12-05T01:29:06.849Z] DEBUG: [worker-pool] Cleaned up workers for ~diagnostic~: 2 --> 1
[debug] [2020-12-05T01:29:06.849Z] DEBUG: [worker-pool] Cleaned up workers for linetodo: 1 --> 0
[debug] [2020-12-05T01:29:06.862Z] DEBUG: [worker-pool] addWorker(linetodo)
[debug] [2020-12-05T01:29:06.862Z] DEBUG: [worker-pool] Adding worker with key linetodo, total=1
[debug] [2020-12-05T01:29:06.862Z] DEBUG: [worker-pool] submitWork(triggerId=linetodo)
[debug] [2020-12-05T01:29:06.862Z] DEBUG: [worker-linetodo-e28ea128-3a82-4c02-8047-8b7489178f2d]: Assigning socketPath: /var/folders/s0/kh4w0lvj0hb_cv4bl8m2zxgc0000gn/T/fire_emu_76319.sock
[debug] [2020-12-05T01:29:06.863Z] DEBUG: [worker-linetodo-e28ea128-3a82-4c02-8047-8b7489178f2d]: BUSY
[debug] [2020-12-05T01:29:07.261Z] DEBUG: [runtime-status] [76319] Functions runtime initialized. {"cwd":"/Users/arisa/ex_teamf/ToDo/functions","node_version":"14.4.0"}
[debug] [2020-12-05T01:29:07.263Z] DEBUG: [runtime-status] [76319] Disabled runtime features: undefined
[debug] [2020-12-05T01:29:07.269Z] DEBUG: [runtime-status] [76319] Resolved module firebase-admin {"declared":true,"installed":true,"version":"9.4.1","resolution":"/Users/arisa/ex_teamf/ToDo/functions/node_modules/firebase-admin/lib/index.js"}
[debug] [2020-12-05T01:29:07.272Z] DEBUG: [runtime-status] [76319] Resolved module firebase-functions {"declared":true,"installed":true,"version":"3.12.0","resolution":"/Users/arisa/ex_teamf/ToDo/functions/node_modules/firebase-functions/lib/index.js"}
[debug] [2020-12-05T01:29:07.276Z] DEBUG: [runtime-status] [76319] Resolved module firebase-functions {"declared":true,"installed":true,"version":"3.12.0","resolution":"/Users/arisa/ex_teamf/ToDo/functions/node_modules/firebase-functions/lib/index.js"}
[debug] [2020-12-05T01:29:07.279Z] DEBUG: [runtime-status] [76319] Outgoing network have been stubbed. [{"name":"http","status":"mocked"},{"name":"http","status":"mocked"},{"name":"https","status":"mocked"},{"name":"https","status":"mocked"},{"name":"net","status":"mocked"}]
[debug] [2020-12-05T01:29:07.279Z] DEBUG: [runtime-status] [76319] Resolved module firebase-functions {"declared":true,"installed":true,"version":"3.12.0","resolution":"/Users/arisa/ex_teamf/ToDo/functions/node_modules/firebase-functions/lib/index.js"}
[debug] [2020-12-05T01:29:07.386Z] DEBUG: [runtime-status] [76319] Checked functions.config() {"config":{}}
[debug] [2020-12-05T01:29:07.387Z] DEBUG: [runtime-status] [76319] firebase-functions has been stubbed. {"functionsResolution":{"declared":true,"installed":true,"version":"3.12.0","resolution":"/Users/arisa/ex_teamf/ToDo/functions/node_modules/firebase-functions/lib/index.js"}}
[debug] [2020-12-05T01:29:07.389Z] DEBUG: [runtime-status] [76319] Resolved module firebase-functions {"declared":true,"installed":true,"version":"3.12.0","resolution":"/Users/arisa/ex_teamf/ToDo/functions/node_modules/firebase-functions/lib/index.js"}
[debug] [2020-12-05T01:29:07.389Z] DEBUG: [runtime-status] [76319] Resolved module firebase-admin {"declared":true,"installed":true,"version":"9.4.1","resolution":"/Users/arisa/ex_teamf/ToDo/functions/node_modules/firebase-admin/lib/index.js"}
[debug] [2020-12-05T01:29:07.390Z] DEBUG: [runtime-status] [76319] Resolved module firebase-functions {"declared":true,"installed":true,"version":"3.12.0","resolution":"/Users/arisa/ex_teamf/ToDo/functions/node_modules/firebase-functions/lib/index.js"}
[debug] [2020-12-05T01:29:07.394Z] DEBUG: [runtime-status] [76319] firebase-admin has been stubbed. {"adminResolution":{"declared":true,"installed":true,"version":"9.4.1","resolution":"/Users/arisa/ex_teamf/ToDo/functions/node_modules/firebase-admin/lib/index.js"}}
[debug] [2020-12-05T01:29:07.397Z] DEBUG: [runtime-status] [76319] initializeApp(DEFAULT) {"databaseURL":"https://extodo-74f77.firebaseio.com","storageBucket":"extodo-74f77.appspot.com","projectId":"extodo-74f77"}
[debug] [2020-12-05T01:29:07.993Z] DEBUG: [runtime-status] [76319] Trigger "linetodo" has been found, beginning invocation!
[debug] [2020-12-05T01:29:07.993Z] [functions] Beginning execution of "linetodo"
[debug] [2020-12-05T01:29:07.993Z] DEBUG: [runtime-status] [76319] triggerDefinition {"httpsTrigger":{},"name":"linetodo","entryPoint":"linetodo"}
[debug] [2020-12-05T01:29:07.993Z] DEBUG: [runtime-status] [76319] Running linetodo in mode HTTPS
[debug] [2020-12-05T01:29:07.998Z] DEBUG: [runtime-status] [76319] Attempting to listen to socketPath: /var/folders/s0/kh4w0lvj0hb_cv4bl8m2zxgc0000gn/T/fire_emu_76319.sock
[debug] [2020-12-05T01:29:08.006Z] DEBUG: [functions] Runtime ready! Sending request!
[debug] [2020-12-05T01:29:08.015Z] DEBUG: [runtime-status] [76319] Ephemeral server handling GET request
[debug] [2020-12-05T01:29:08.021Z] DEBUG: [runtime-status] [76319] Ephemeral server survived.
[warn] ⚠  Google API requested!
   - URL: "https://oauth2.googleapis.com/token"
   - Be careful, this may be a production service. {"metadata":{"emulator":{"name":"functions"},"function":{"name":"linetodo"},"message":"Google API requested!\n   - URL: \"https://oauth2.googleapis.com/token\"\n   - Be careful, this may be a production service."}}
[info] >  (node:76319) UnhandledPromiseRejectionWarning: TypeError [ERR_INVALID_ARG_TYPE]: The "chunk" argument must be of type string or an instance of Buffer. Received an instance of TypeError {"user":"(node:76319) UnhandledPromiseRejectionWarning: TypeError [ERR_INVALID_ARG_TYPE]: The \"chunk\" argument must be of type string or an instance of Buffer. Received an instance of TypeError","metadata":{"emulator":{"name":"functions"},"function":{"name":"linetodo"},"message":"\u001b[90m> \u001b[39m (node:76319) UnhandledPromiseRejectionWarning: TypeError [ERR_INVALID_ARG_TYPE]: The \"chunk\" argument must be of type string or an instance of Buffer. Received an instance of TypeError"}}
[info] >      at ServerResponse.end (_http_outgoing.js:759:13) {"user":"    at ServerResponse.end (_http_outgoing.js:759:13)","metadata":{"emulator":{"name":"functions"},"function":{"name":"linetodo"},"message":"\u001b[90m> \u001b[39m     at ServerResponse.end (_http_outgoing.js:759:13)"}}
[info] >      at /Users/arisa/ex_teamf/ToDo/functions/index.js:37:23 {"user":"    at /Users/arisa/ex_teamf/ToDo/functions/index.js:37:23","metadata":{"emulator":{"name":"functions"},"function":{"name":"linetodo"},"message":"\u001b[90m> \u001b[39m     at /Users/arisa/ex_teamf/ToDo/functions/index.js:37:23"}}
[info] >      at processTicksAndRejections (internal/process/task_queues.js:97:5) {"user":"    at processTicksAndRejections (internal/process/task_queues.js:97:5)","metadata":{"emulator":{"name":"functions"},"function":{"name":"linetodo"},"message":"\u001b[90m> \u001b[39m     at processTicksAndRejections (internal/process/task_queues.js:97:5)"}}
[info] >  (Use `node --trace-warnings ...` to show where the warning was created) {"user":"(Use `node --trace-warnings ...` to show where the warning was created)","metadata":{"emulator":{"name":"functions"},"function":{"name":"linetodo"},"message":"\u001b[90m> \u001b[39m (Use `node --trace-warnings ...` to show where the warning was created)"}}
[info] >  (node:76319) UnhandledPromiseRejectionWarning: Unhandled promise rejection. This error originated either by throwing inside of an async function without a catch block, or by rejecting a promise which was not handled with .catch(). To terminate the node process on unhandled promise rejection, use the CLI flag `--unhandled-rejections=strict` (see https://nodejs.org/api/cli.html#cli_unhandled_rejections_mode). (rejection id: 2) {"user":"(node:76319) UnhandledPromiseRejectionWarning: Unhandled promise rejection. This error originated either by throwing inside of an async function without a catch block, or by rejecting a promise which was not handled with .catch(). To terminate the node process on unhandled promise rejection, use the CLI flag `--unhandled-rejections=strict` (see https://nodejs.org/api/cli.html#cli_unhandled_rejections_mode). (rejection id: 2)","metadata":{"emulator":{"name":"functions"},"function":{"name":"linetodo"},"message":"\u001b[90m> \u001b[39m (node:76319) UnhandledPromiseRejectionWarning: Unhandled promise rejection. This error originated either by throwing inside of an async function without a catch block, or by rejecting a promise which was not handled with .catch(). To terminate the node process on unhandled promise rejection, use the CLI flag `--unhandled-rejections=strict` (see https://nodejs.org/api/cli.html#cli_unhandled_rejections_mode). (rejection id: 2)"}}
[info] >  (node:76319) [DEP0018] DeprecationWarning: Unhandled promise rejections are deprecated. In the future, promise rejections that are not handled will terminate the Node.js process with a non-zero exit code. {"user":"(node:76319) [DEP0018] DeprecationWarning: Unhandled promise rejections are deprecated. In the future, promise rejections that are not handled will terminate the Node.js process with a non-zero exit code.","metadata":{"emulator":{"name":"functions"},"function":{"name":"linetodo"},"message":"\u001b[90m> \u001b[39m (node:76319) [DEP0018] DeprecationWarning: Unhandled promise rejections are deprecated. In the future, promise rejections that are not handled will terminate the Node.js process with a non-zero exit code."}}
[warn] ⚠  functions: Your function timed out after ~60s. To configure this timeout, see
      https://firebase.google.com/docs/functions/manage-functions#set_timeout_and_memory_allocation. {"metadata":{"emulator":{"name":"functions"},"function":{"name":"linetodo"},"message":"Your function timed out after ~60s. To configure this timeout, see\n      https://firebase.google.com/docs/functions/manage-functions#set_timeout_and_memory_allocation."}}
[info] >  /usr/local/lib/node_modules/firebase-tools/lib/emulator/functionsEmulatorRuntime.js:668 {"user":"/usr/local/lib/node_modules/firebase-tools/lib/emulator/functionsEmulatorRuntime.js:668","metadata":{"emulator":{"name":"functions"},"function":{"name":"linetodo"},"message":"\u001b[90m> \u001b[39m /usr/local/lib/node_modules/firebase-tools/lib/emulator/functionsEmulatorRuntime.js:668"}}
[info] >                  throw new Error("Function timed out."); {"user":"                throw new Error(\"Function timed out.\");","metadata":{"emulator":{"name":"functions"},"function":{"name":"linetodo"},"message":"\u001b[90m> \u001b[39m                 throw new Error(\"Function timed out.\");"}}
[info] >                  ^ {"user":"                ^","metadata":{"emulator":{"name":"functions"},"function":{"name":"linetodo"},"message":"\u001b[90m> \u001b[39m                 ^"}}
[info] >   {"user":"","metadata":{"emulator":{"name":"functions"},"function":{"name":"linetodo"},"message":"\u001b[90m> \u001b[39m "}}
[info] >  Error: Function timed out. {"user":"Error: Function timed out.","metadata":{"emulator":{"name":"functions"},"function":{"name":"linetodo"},"message":"\u001b[90m> \u001b[39m Error: Function timed out."}}
[info] >      at Timeout._onTimeout (/usr/local/lib/node_modules/firebase-tools/lib/emulator/functionsEmulatorRuntime.js:668:23) {"user":"    at Timeout._onTimeout (/usr/local/lib/node_modules/firebase-tools/lib/emulator/functionsEmulatorRuntime.js:668:23)","metadata":{"emulator":{"name":"functions"},"function":{"name":"linetodo"},"message":"\u001b[90m> \u001b[39m     at Timeout._onTimeout (/usr/local/lib/node_modules/firebase-tools/lib/emulator/functionsEmulatorRuntime.js:668:23)"}}
[info] >      at listOnTimeout (internal/timers.js:549:17) {"user":"    at listOnTimeout (internal/timers.js:549:17)","metadata":{"emulator":{"name":"functions"},"function":{"name":"linetodo"},"message":"\u001b[90m> \u001b[39m     at listOnTimeout (internal/timers.js:549:17)"}}
[info] >      at processTimers (internal/timers.js:492:7) {"user":"    at processTimers (internal/timers.js:492:7)","metadata":{"emulator":{"name":"functions"},"function":{"name":"linetodo"},"message":"\u001b[90m> \u001b[39m     at processTimers (internal/timers.js:492:7)"}}
[debug] [2020-12-05T01:30:08.049Z] DEBUG: [worker-linetodo-e28ea128-3a82-4c02-8047-8b7489178f2d]: exited
[debug] [2020-12-05T01:30:08.049Z] DEBUG: [worker-linetodo-e28ea128-3a82-4c02-8047-8b7489178f2d]: FINISHED
[debug] [2020-12-05T01:30:08.049Z] [work-queue] {"queueLength":0,"workRunningCount":0}
[debug] [2020-12-05T01:30:41.191Z] DEBUG: File /Users/arisa/ex_teamf/ToDo/functions/index.js changed, reloading triggers
[debug] [2020-12-05T01:30:42.194Z] DEBUG: [worker-pool] Shutting down IDLE worker (~diagnostic~)
[debug] [2020-12-05T01:30:42.195Z] DEBUG: [worker-~diagnostic~-4737cca3-3ffe-4b63-bbe6-0458a13f2aa9]: FINISHING
[debug] [2020-12-05T01:30:42.195Z] DEBUG: [worker-pool] Cleaned up workers for linetodo: 1 --> 0
[debug] [2020-12-05T01:30:42.207Z] DEBUG: [worker-pool] addWorker(~diagnostic~)
[debug] [2020-12-05T01:30:42.208Z] DEBUG: [worker-pool] Adding worker with key ~diagnostic~, total=2
[debug] [2020-12-05T01:30:42.208Z] DEBUG: [worker-pool] submitWork(triggerId=)
[debug] [2020-12-05T01:30:42.208Z] DEBUG: [worker-~diagnostic~-cecf66af-fd43-4eb4-b890-bd83c1b273b2]: Assigning socketPath: /var/folders/s0/kh4w0lvj0hb_cv4bl8m2zxgc0000gn/T/fire_emu_76340.sock
[debug] [2020-12-05T01:30:42.209Z] DEBUG: [worker-~diagnostic~-cecf66af-fd43-4eb4-b890-bd83c1b273b2]: BUSY
[debug] [2020-12-05T01:30:42.210Z] DEBUG: [worker-~diagnostic~-4737cca3-3ffe-4b63-bbe6-0458a13f2aa9]: exited
[debug] [2020-12-05T01:30:42.211Z] DEBUG: [worker-~diagnostic~-4737cca3-3ffe-4b63-bbe6-0458a13f2aa9]: FINISHED
[debug] [2020-12-05T01:30:42.645Z] DEBUG: [runtime-status] [76340] Functions runtime initialized. {"cwd":"/Users/arisa/ex_teamf/ToDo/functions","node_version":"14.4.0"}
[debug] [2020-12-05T01:30:42.647Z] DEBUG: [runtime-status] [76340] Disabled runtime features: undefined
[debug] [2020-12-05T01:30:42.652Z] DEBUG: [runtime-status] [76340] Resolved module firebase-admin {"declared":true,"installed":true,"version":"9.4.1","resolution":"/Users/arisa/ex_teamf/ToDo/functions/node_modules/firebase-admin/lib/index.js"}
[debug] [2020-12-05T01:30:42.656Z] DEBUG: [runtime-status] [76340] Resolved module firebase-functions {"declared":true,"installed":true,"version":"3.12.0","resolution":"/Users/arisa/ex_teamf/ToDo/functions/node_modules/firebase-functions/lib/index.js"}
[debug] [2020-12-05T01:30:42.659Z] DEBUG: [runtime-status] [76340] Resolved module firebase-functions {"declared":true,"installed":true,"version":"3.12.0","resolution":"/Users/arisa/ex_teamf/ToDo/functions/node_modules/firebase-functions/lib/index.js"}
[debug] [2020-12-05T01:30:42.662Z] DEBUG: [runtime-status] [76340] Outgoing network have been stubbed. [{"name":"http","status":"mocked"},{"name":"http","status":"mocked"},{"name":"https","status":"mocked"},{"name":"https","status":"mocked"},{"name":"net","status":"mocked"}]
[debug] [2020-12-05T01:30:42.662Z] DEBUG: [runtime-status] [76340] Resolved module firebase-functions {"declared":true,"installed":true,"version":"3.12.0","resolution":"/Users/arisa/ex_teamf/ToDo/functions/node_modules/firebase-functions/lib/index.js"}
[debug] [2020-12-05T01:30:42.768Z] DEBUG: [runtime-status] [76340] Checked functions.config() {"config":{}}
[debug] [2020-12-05T01:30:42.769Z] DEBUG: [runtime-status] [76340] firebase-functions has been stubbed. {"functionsResolution":{"declared":true,"installed":true,"version":"3.12.0","resolution":"/Users/arisa/ex_teamf/ToDo/functions/node_modules/firebase-functions/lib/index.js"}}
[debug] [2020-12-05T01:30:42.769Z] DEBUG: [runtime-status] [76340] Resolved module firebase-functions {"declared":true,"installed":true,"version":"3.12.0","resolution":"/Users/arisa/ex_teamf/ToDo/functions/node_modules/firebase-functions/lib/index.js"}
[debug] [2020-12-05T01:30:42.770Z] DEBUG: [runtime-status] [76340] Resolved module firebase-admin {"declared":true,"installed":true,"version":"9.4.1","resolution":"/Users/arisa/ex_teamf/ToDo/functions/node_modules/firebase-admin/lib/index.js"}
[debug] [2020-12-05T01:30:42.771Z] DEBUG: [runtime-status] [76340] Resolved module firebase-functions {"declared":true,"installed":true,"version":"3.12.0","resolution":"/Users/arisa/ex_teamf/ToDo/functions/node_modules/firebase-functions/lib/index.js"}
[debug] [2020-12-05T01:30:42.771Z] DEBUG: [runtime-status] [76340] firebase-admin has been stubbed. {"adminResolution":{"declared":true,"installed":true,"version":"9.4.1","resolution":"/Users/arisa/ex_teamf/ToDo/functions/node_modules/firebase-admin/lib/index.js"}}
[debug] [2020-12-05T01:30:42.774Z] DEBUG: [runtime-status] [76340] initializeApp(DEFAULT) {"databaseURL":"https://extodo-74f77.firebaseio.com","storageBucket":"extodo-74f77.appspot.com","projectId":"extodo-74f77"}
[debug] [2020-12-05T01:30:43.361Z] DEBUG: [worker-~diagnostic~-cecf66af-fd43-4eb4-b890-bd83c1b273b2]: IDLE
